<?xml version="1.0" encoding="UTF-8"?>
<!-- Generated by org.testng.reporters.JUnitXMLReporter -->
<testsuite hostname="DESKTOP-987SG1D" ignored="0" name="Default test" tests="3" failures="0" timestamp="2020-07-11T13:07:27 IST" time="50.33" errors="0">
  <testcase name="Alert" time="1.321" classname="com.wordpress.qa.testcases.AutomationTest"/>
  <testcase name="acti" time="1.796" classname="com.wordpress.qa.testcases.AutomationTest"/>
  <testcase name="actip" time="0.581" classname="com.wordpress.qa.testcases.AutomationTest"/>
</testsuite> <!-- Default test -->
